[debug] [2024-08-10T21:54:00.294Z] ----------------------------------------------------------------------
[debug] [2024-08-10T21:54:00.297Z] Command:       /Users/Gelay/.nvm/versions/node/v16.16.0/bin/node /Users/Gelay/.nvm/versions/node/v16.16.0/bin/firebase deploy
[debug] [2024-08-10T21:54:00.298Z] CLI Version:   12.7.0
[debug] [2024-08-10T21:54:00.298Z] Platform:      darwin
[debug] [2024-08-10T21:54:00.298Z] Node Version:  v16.16.0
[debug] [2024-08-10T21:54:00.302Z] Time:          Sat Aug 10 2024 15:54:00 GMT-0600 (Mountain Daylight Time)
[debug] [2024-08-10T21:54:00.302Z] ----------------------------------------------------------------------
[debug] 
[debug] [2024-08-10T21:54:00.307Z] >>> [apiv2][query] GET https://firebase-public.firebaseio.com/cli.json [none]
[debug] [2024-08-10T21:54:00.419Z] > command requires scopes: ["email","openid","https://www.googleapis.com/auth/cloudplatformprojects.readonly","https://www.googleapis.com/auth/firebase","https://www.googleapis.com/auth/cloud-platform"]
[debug] [2024-08-10T21:54:00.420Z] > authorizing via signed-in user (joegelay@gmail.com)
[debug] [2024-08-10T21:54:00.420Z] [iam] checking project personal-site-b5a39 for permissions ["firebase.projects.get","firebasehosting.sites.update"]
[debug] [2024-08-10T21:54:00.421Z] > refreshing access token with scopes: []
[debug] [2024-08-10T21:54:00.421Z] >>> [apiv2][query] POST https://www.googleapis.com/oauth2/v3/token [none]
[debug] [2024-08-10T21:54:00.422Z] >>> [apiv2][body] POST https://www.googleapis.com/oauth2/v3/token [omitted]
[debug] [2024-08-10T21:54:00.521Z] <<< [apiv2][status] GET https://firebase-public.firebaseio.com/cli.json 200
[debug] [2024-08-10T21:54:00.521Z] <<< [apiv2][body] GET https://firebase-public.firebaseio.com/cli.json {"cloudBuildErrorAfter":1594252800000,"cloudBuildWarnAfter":1590019200000,"defaultNode10After":1594252800000,"minVersion":"3.0.5","node8DeploysDisabledAfter":1613390400000,"node8RuntimeDisabledAfter":1615809600000,"node8WarnAfter":1600128000000}
[debug] [2024-08-10T21:54:00.588Z] <<< [apiv2][status] POST https://www.googleapis.com/oauth2/v3/token 400
[debug] [2024-08-10T21:54:00.588Z] <<< [apiv2][body] POST https://www.googleapis.com/oauth2/v3/token [omitted]
[debug] [2024-08-10T21:54:00.589Z] >>> [apiv2][query] POST https://cloudresourcemanager.googleapis.com/v1/projects/personal-site-b5a39:testIamPermissions [none]
[debug] [2024-08-10T21:54:00.589Z] >>> [apiv2][(partial)header] POST https://cloudresourcemanager.googleapis.com/v1/projects/personal-site-b5a39:testIamPermissions x-goog-quota-user=projects/personal-site-b5a39
[debug] [2024-08-10T21:54:00.589Z] >>> [apiv2][body] POST https://cloudresourcemanager.googleapis.com/v1/projects/personal-site-b5a39:testIamPermissions {"permissions":["firebase.projects.get","firebasehosting.sites.update"]}
[debug] [2024-08-10T21:54:00.775Z] <<< [apiv2][status] POST https://cloudresourcemanager.googleapis.com/v1/projects/personal-site-b5a39:testIamPermissions 401
[debug] [2024-08-10T21:54:00.776Z] <<< [apiv2][body] POST https://cloudresourcemanager.googleapis.com/v1/projects/personal-site-b5a39:testIamPermissions {"error":{"code":401,"message":"Request had invalid authentication credentials. Expected OAuth 2 access token, login cookie or other valid authentication credential. See https://developers.google.com/identity/sign-in/web/devconsole-project.","status":"UNAUTHENTICATED","details":[{"@type":"type.googleapis.com/google.rpc.ErrorInfo","reason":"ACCESS_TOKEN_TYPE_UNSUPPORTED","metadata":{"method":"google.cloudresourcemanager.v1.Projects.TestIamPermissions","service":"cloudresourcemanager.googleapis.com"}}]}}
[debug] [2024-08-10T21:54:00.777Z] [iam] error while checking permissions, command may fail: FirebaseError: HTTP Error: 401, Request had invalid authentication credentials. Expected OAuth 2 access token, login cookie or other valid authentication credential. See https://developers.google.com/identity/sign-in/web/devconsole-project.
[debug] [2024-08-10T21:54:00.778Z] > refreshing access token with scopes: []
[debug] [2024-08-10T21:54:00.779Z] >>> [apiv2][query] POST https://www.googleapis.com/oauth2/v3/token [none]
[debug] [2024-08-10T21:54:00.779Z] >>> [apiv2][body] POST https://www.googleapis.com/oauth2/v3/token [omitted]
[debug] [2024-08-10T21:54:00.878Z] <<< [apiv2][status] POST https://www.googleapis.com/oauth2/v3/token 400
[debug] [2024-08-10T21:54:00.878Z] <<< [apiv2][body] POST https://www.googleapis.com/oauth2/v3/token [omitted]
[debug] [2024-08-10T21:54:00.880Z] >>> [apiv2][query] GET https://firebase.googleapis.com/v1beta1/projects/personal-site-b5a39 [none]
[debug] [2024-08-10T21:54:00.984Z] <<< [apiv2][status] GET https://firebase.googleapis.com/v1beta1/projects/personal-site-b5a39 401
[debug] [2024-08-10T21:54:00.984Z] <<< [apiv2][body] GET https://firebase.googleapis.com/v1beta1/projects/personal-site-b5a39 {"error":{"code":401,"message":"Request had invalid authentication credentials. Expected OAuth 2 access token, login cookie or other valid authentication credential. See https://developers.google.com/identity/sign-in/web/devconsole-project.","status":"UNAUTHENTICATED"}}
[debug] [2024-08-10T21:54:00.985Z] HTTP Error: 401, Request had invalid authentication credentials. Expected OAuth 2 access token, login cookie or other valid authentication credential. See https://developers.google.com/identity/sign-in/web/devconsole-project.
[debug] [2024-08-10T21:54:01.082Z] FirebaseError: HTTP Error: 401, Request had invalid authentication credentials. Expected OAuth 2 access token, login cookie or other valid authentication credential. See https://developers.google.com/identity/sign-in/web/devconsole-project.
    at responseToError (/Users/Gelay/.nvm/versions/node/v16.16.0/lib/node_modules/firebase-tools/lib/responseToError.js:49:12)
    at RetryOperation._fn (/Users/Gelay/.nvm/versions/node/v16.16.0/lib/node_modules/firebase-tools/lib/apiv2.js:285:77)
    at processTicksAndRejections (node:internal/process/task_queues:96:5)
[error] 
[error] Error: Failed to get Firebase project personal-site-b5a39. Please make sure the project exists and your account has permission to access it.
